<?xml version="1.0" encoding="UTF-8"?>
<testsuite name="utils.TimerTest" tests="1" skipped="0" failures="0" errors="0" timestamp="2022-09-01T15:36:36" hostname="ojinugucBookAir" time="0.005">
  <properties/>
  <testcase name="currentTime()" classname="utils.TimerTest" time="0.005"/>
  <system-out><![CDATA[]]></system-out>
  <system-err><![CDATA[]]></system-err>
</testsuite>
