<?xml version="1.0" encoding="UTF-8"?>
<testsuite name="utils.OverlapValidatorTest" tests="1" skipped="0" failures="0" errors="0" timestamp="2022-09-02T03:48:06" hostname="ojinugucBookAir" time="0.002">
  <properties/>
  <testcase name="validateUserRelations()" classname="utils.OverlapValidatorTest" time="0.002"/>
  <system-out><![CDATA[]]></system-out>
  <system-err><![CDATA[]]></system-err>
</testsuite>
