<?xml version="1.0" encoding="UTF-8"?>
<testsuite name="models.UserTest" tests="3" skipped="0" failures="0" errors="0" timestamp="2022-08-30T05:07:43" hostname="ojinugucBookAir" time="0.005">
  <properties/>
  <testcase name="sendMessage()" classname="models.UserTest" time="0.004"/>
  <testcase name="creation()" classname="models.UserTest" time="0.001"/>
  <testcase name="toCsvRow()" classname="models.UserTest" time="0.0"/>
  <system-out><![CDATA[]]></system-out>
  <system-err><![CDATA[]]></system-err>
</testsuite>
