<?xml version="1.0" encoding="UTF-8"?>
<testsuite name="models.UsersRelationTest" tests="3" skipped="0" failures="0" errors="0" timestamp="2022-09-02T03:48:06" hostname="ojinugucBookAir" time="0.005">
  <properties/>
  <testcase name="relationBetweenUser()" classname="models.UsersRelationTest" time="0.001"/>
  <testcase name="findFriendsId()" classname="models.UsersRelationTest" time="0.0"/>
  <testcase name="toCsvRow()" classname="models.UsersRelationTest" time="0.003"/>
  <system-out><![CDATA[]]></system-out>
  <system-err><![CDATA[]]></system-err>
</testsuite>
