<?xml version="1.0" encoding="UTF-8"?>
<testsuite name="models.ChattingRoom.ChattingRoomTest" tests="2" skipped="0" failures="0" errors="0" timestamp="2022-08-28T13:15:57" hostname="ojin-ug-ui-MacBookAir.local" time="0.001">
  <properties/>
  <testcase name="addMessage()" classname="models.ChattingRoom.ChattingRoomTest" time="0.0"/>
  <testcase name="chattingRoom()" classname="models.ChattingRoom.ChattingRoomTest" time="0.0"/>
  <system-out><![CDATA[]]></system-out>
  <system-err><![CDATA[]]></system-err>
</testsuite>
