<?xml version="1.0" encoding="UTF-8"?>
<testsuite name="models.ChattingRoom.SecretChattingTest" tests="2" skipped="0" failures="0" errors="0" timestamp="2022-09-02T01:39:56" hostname="ojin-ug-ui-MacBookAir.local" time="0.007">
  <properties/>
  <testcase name="updatePreviewMessage()" classname="models.ChattingRoom.SecretChattingTest" time="0.007"/>
  <testcase name="creation()" classname="models.ChattingRoom.SecretChattingTest" time="0.0"/>
  <system-out><![CDATA[]]></system-out>
  <system-err><![CDATA[]]></system-err>
</testsuite>
