<?xml version="1.0" encoding="UTF-8"?>
<testsuite name="utils.IDGeneratorTest" tests="2" skipped="0" failures="0" errors="0" timestamp="2022-08-29T13:19:38" hostname="ojin-ug-ui-MacBookAir.local" time="0.001">
  <properties/>
  <testcase name="userId()" classname="utils.IDGeneratorTest" time="0.0"/>
  <testcase name="newID()" classname="utils.IDGeneratorTest" time="0.001"/>
  <system-out><![CDATA[]]></system-out>
  <system-err><![CDATA[]]></system-err>
</testsuite>
