<?xml version="1.0" encoding="UTF-8"?>
<testsuite name="models.ProfileTest" tests="4" skipped="0" failures="0" errors="0" timestamp="2022-09-01T15:36:36" hostname="ojinugucBookAir" time="0.005">
  <properties/>
  <testcase name="delete()" classname="models.ProfileTest" time="0.001"/>
  <testcase name="setProfileMessage()" classname="models.ProfileTest" time="0.001"/>
  <testcase name="creation()" classname="models.ProfileTest" time="0.0"/>
  <testcase name="toCsvRow()" classname="models.ProfileTest" time="0.002"/>
  <system-out><![CDATA[]]></system-out>
  <system-err><![CDATA[]]></system-err>
</testsuite>
