<?xml version="1.0" encoding="UTF-8"?>
<testsuite name="utils.OverlapValidatorTest" tests="1" skipped="0" failures="0" errors="0" timestamp="2022-08-31T07:04:36" hostname="ojinugucBookAir" time="0.0">
  <properties/>
  <testcase name="validateUserRelations()" classname="utils.OverlapValidatorTest" time="0.0"/>
  <system-out><![CDATA[]]></system-out>
  <system-err><![CDATA[]]></system-err>
</testsuite>
