<?xml version="1.0" encoding="UTF-8"?>
<testsuite name="models.MakaoTalkTest" tests="5" skipped="0" failures="0" errors="0" timestamp="2022-08-29T10:30:15" hostname="ojin-ug-ui-MacBookAir.local" time="0.017">
  <properties/>
  <testcase name="chattingRooms()" classname="models.MakaoTalkTest" time="0.009"/>
  <testcase name="register()" classname="models.MakaoTalkTest" time="0.007"/>
  <testcase name="friends()" classname="models.MakaoTalkTest" time="0.001"/>
  <testcase name="users()" classname="models.MakaoTalkTest" time="0.0"/>
  <testcase name="currentUser()" classname="models.MakaoTalkTest" time="0.0"/>
  <system-out><![CDATA[]]></system-out>
  <system-err><![CDATA[]]></system-err>
</testsuite>
