<?xml version="1.0" encoding="UTF-8"?>
<testsuite name="utils.ParserTest" tests="2" skipped="0" failures="0" errors="0" timestamp="2022-08-29T10:30:15" hostname="ojin-ug-ui-MacBookAir.local" time="0.0">
  <properties/>
  <testcase name="parseLine()" classname="utils.ParserTest" time="0.0"/>
  <testcase name="parseUser()" classname="utils.ParserTest" time="0.0"/>
  <system-out><![CDATA[]]></system-out>
  <system-err><![CDATA[]]></system-err>
</testsuite>
