<?xml version="1.0" encoding="UTF-8"?>
<testsuite name="models.MessageTest" tests="1" skipped="0" failures="0" errors="0" timestamp="2022-09-01T06:45:35" hostname="ojinugucBookAir" time="0.001">
  <properties/>
  <testcase name="creation()" classname="models.MessageTest" time="0.001"/>
  <system-out><![CDATA[]]></system-out>
  <system-err><![CDATA[]]></system-err>
</testsuite>
