<?xml version="1.0" encoding="UTF-8"?>
<testsuite name="models.MakaoTalkTest" tests="11" skipped="0" failures="0" errors="0" timestamp="2022-09-02T03:48:06" hostname="ojinugucBookAir" time="0.164">
  <properties/>
  <testcase name="chattingRooms()" classname="models.MakaoTalkTest" time="0.119"/>
  <testcase name="messageOwnerName()" classname="models.MakaoTalkTest" time="0.004"/>
  <testcase name="register()" classname="models.MakaoTalkTest" time="0.011"/>
  <testcase name="user()" classname="models.MakaoTalkTest" time="0.005"/>
  <testcase name="login()" classname="models.MakaoTalkTest" time="0.002"/>
  <testcase name="users()" classname="models.MakaoTalkTest" time="0.002"/>
  <testcase name="currentUser()" classname="models.MakaoTalkTest" time="0.0"/>
  <testcase name="currentChattingRoomOneMessage()" classname="models.MakaoTalkTest" time="0.001"/>
  <testcase name="loginUserChattingRooms()" classname="models.MakaoTalkTest" time="0.002"/>
  <testcase name="newChattingRoom()" classname="models.MakaoTalkTest" time="0.012"/>
  <testcase name="currentChattingRoomWithoutMessages()" classname="models.MakaoTalkTest" time="0.0"/>
  <system-out><![CDATA[]]></system-out>
  <system-err><![CDATA[]]></system-err>
</testsuite>
