<?xml version="1.0" encoding="UTF-8"?>
<testsuite name="models.InvitationTest" tests="2" skipped="0" failures="0" errors="0" timestamp="2022-08-31T07:04:36" hostname="ojinugucBookAir" time="0.008">
  <properties/>
  <testcase name="setChecked()" classname="models.InvitationTest" time="0.007"/>
  <testcase name="creation()" classname="models.InvitationTest" time="0.001"/>
  <system-out><![CDATA[]]></system-out>
  <system-err><![CDATA[]]></system-err>
</testsuite>
