<?xml version="1.0" encoding="UTF-8"?>
<testsuite name="models.Relation.RelationTest" tests="6" skipped="0" failures="0" errors="0" timestamp="2022-09-02T03:48:06" hostname="ojinugucBookAir" time="0.004">
  <properties/>
  <testcase name="currentChattingRoomMessageRelations()" classname="models.Relation.RelationTest" time="0.0"/>
  <testcase name="newChattingRoomMessageRelation()" classname="models.Relation.RelationTest" time="0.0"/>
  <testcase name="newUserChattingRoomRelations()" classname="models.Relation.RelationTest" time="0.002"/>
  <testcase name="requestFriend()" classname="models.Relation.RelationTest" time="0.001"/>
  <testcase name="loginUserFriends()" classname="models.Relation.RelationTest" time="0.001"/>
  <testcase name="loginUserChattingRoomRelations()" classname="models.Relation.RelationTest" time="0.0"/>
  <system-out><![CDATA[]]></system-out>
  <system-err><![CDATA[]]></system-err>
</testsuite>
