<?xml version="1.0" encoding="UTF-8"?>
<testsuite name="models.UserTest" tests="3" skipped="0" failures="0" errors="0" timestamp="2022-09-02T03:48:06" hostname="ojinugucBookAir" time="0.007">
  <properties/>
  <testcase name="sendMessage()" classname="models.UserTest" time="0.002"/>
  <testcase name="creation()" classname="models.UserTest" time="0.001"/>
  <testcase name="toCsvRow()" classname="models.UserTest" time="0.002"/>
  <system-out><![CDATA[]]></system-out>
  <system-err><![CDATA[]]></system-err>
</testsuite>
