<?xml version="1.0" encoding="UTF-8"?>
<testsuite name="models.ProfileTest" tests="2" skipped="0" failures="0" errors="0" timestamp="2022-08-31T07:04:36" hostname="ojinugucBookAir" time="0.002">
  <properties/>
  <testcase name="setProfileMessage()" classname="models.ProfileTest" time="0.001"/>
  <testcase name="creation()" classname="models.ProfileTest" time="0.001"/>
  <system-out><![CDATA[]]></system-out>
  <system-err><![CDATA[]]></system-err>
</testsuite>
