<?xml version="1.0" encoding="UTF-8"?>
<testsuite name="models.ProfileTest" tests="1" skipped="0" failures="0" errors="0" timestamp="2022-08-28T13:15:57" hostname="ojin-ug-ui-MacBookAir.local" time="0.001">
  <properties/>
  <testcase name="creation()" classname="models.ProfileTest" time="0.001"/>
  <system-out><![CDATA[]]></system-out>
  <system-err><![CDATA[]]></system-err>
</testsuite>
