<?xml version="1.0" encoding="UTF-8"?>
<testsuite name="models.UserTest" tests="3" skipped="0" failures="0" errors="0" timestamp="2022-08-29T10:30:15" hostname="ojin-ug-ui-MacBookAir.local" time="0.005">
  <properties/>
  <testcase name="sendMessage()" classname="models.UserTest" time="0.004"/>
  <testcase name="creation()" classname="models.UserTest" time="0.0"/>
  <testcase name="toCsvRow()" classname="models.UserTest" time="0.001"/>
  <system-out><![CDATA[]]></system-out>
  <system-err><![CDATA[]]></system-err>
</testsuite>
