<?xml version="1.0" encoding="UTF-8"?>
<testsuite name="models.UserTest" tests="2" skipped="0" failures="0" errors="0" timestamp="2022-08-28T13:15:57" hostname="ojin-ug-ui-MacBookAir.local" time="0.007">
  <properties/>
  <testcase name="sendMessage()" classname="models.UserTest" time="0.004"/>
  <testcase name="creation()" classname="models.UserTest" time="0.003"/>
  <system-out><![CDATA[]]></system-out>
  <system-err><![CDATA[]]></system-err>
</testsuite>
