<?xml version="1.0" encoding="UTF-8"?>
<testsuite name="models.ChattingRoom.ChattingRoomTest" tests="4" skipped="0" failures="0" errors="0" timestamp="2022-09-02T01:39:56" hostname="ojin-ug-ui-MacBookAir.local" time="0.004">
  <properties/>
  <testcase name="updateTitle()" classname="models.ChattingRoom.ChattingRoomTest" time="0.0"/>
  <testcase name="updatePreviewMessage()" classname="models.ChattingRoom.ChattingRoomTest" time="0.001"/>
  <testcase name="creation()" classname="models.ChattingRoom.ChattingRoomTest" time="0.001"/>
  <testcase name="toCsvRow()" classname="models.ChattingRoom.ChattingRoomTest" time="0.002"/>
  <system-out><![CDATA[]]></system-out>
  <system-err><![CDATA[]]></system-err>
</testsuite>
