<?xml version="1.0" encoding="UTF-8"?>
<testsuite name="models.UsersRelationTest" tests="3" skipped="0" failures="0" errors="0" timestamp="2022-09-01T15:36:36" hostname="ojinugucBookAir" time="0.002">
  <properties/>
  <testcase name="relationBetweenUser()" classname="models.UsersRelationTest" time="0.0"/>
  <testcase name="findFriendsId()" classname="models.UsersRelationTest" time="0.0"/>
  <testcase name="toCsvRow()" classname="models.UsersRelationTest" time="0.002"/>
  <system-out><![CDATA[]]></system-out>
  <system-err><![CDATA[]]></system-err>
</testsuite>
