<?xml version="1.0" encoding="UTF-8"?>
<testsuite name="models.ChattingRoom.SecretChattingTest" tests="2" skipped="0" failures="0" errors="0" timestamp="2022-09-02T03:48:06" hostname="ojinugucBookAir" time="0.001">
  <properties/>
  <testcase name="updatePreviewMessage()" classname="models.ChattingRoom.SecretChattingTest" time="0.0"/>
  <testcase name="creation()" classname="models.ChattingRoom.SecretChattingTest" time="0.001"/>
  <system-out><![CDATA[]]></system-out>
  <system-err><![CDATA[]]></system-err>
</testsuite>
