<?xml version="1.0" encoding="UTF-8"?>
<testsuite name="models.UsersRelationTest" tests="3" skipped="0" failures="0" errors="0" timestamp="2022-09-02T01:39:56" hostname="ojin-ug-ui-MacBookAir.local" time="0.002">
  <properties/>
  <testcase name="relationBetweenUser()" classname="models.UsersRelationTest" time="0.0"/>
  <testcase name="findFriendsId()" classname="models.UsersRelationTest" time="0.0"/>
  <testcase name="toCsvRow()" classname="models.UsersRelationTest" time="0.001"/>
  <system-out><![CDATA[]]></system-out>
  <system-err><![CDATA[]]></system-err>
</testsuite>
